Using pre-set license
Built from '2020.3/release' branch; Version is '2020.3.1f1 (77a89f25062f) revision 7841951'; Using compiler version '192528614'; Build Type 'Release'
OS: 'Windows 10 Home; OS build 19042.867; Version 2009; 64bit' Language: 'fr' Physical Memory: 32693 MB
BatchMode: 1, IsHumanControllingUs: 0, StartBugReporterOnCrash: 0, Is64bit: 1, IsPro: 0

 COMMAND LINE ARGUMENTS:
C:\Program Files\Unity\Hub\Editor\2020.3.1f1\Editor\Unity.exe
-adb2
-batchMode
-noUpm
-name
AssetImportWorker0
-projectPath
D:/Documents/GitHub/Bombaway
-logFile
Logs/AssetImportWorker0.log
-srvPort
57918
Successfully changed project path to: D:/Documents/GitHub/Bombaway
D:/Documents/GitHub/Bombaway
Using Asset Import Pipeline V2.
Refreshing native plugins compatible for Editor in 56.15 ms, found 0 plugins.
Preloading 0 native plugins for Editor in 0.00 ms.
Initialize engine version: 2020.3.1f1 (77a89f25062f)
[Subsystems] Discovering subsystems at path C:/Program Files/Unity/Hub/Editor/2020.3.1f1/Editor/Data/Resources/UnitySubsystems
[Subsystems] Discovering subsystems at path D:/Documents/GitHub/Bombaway/Assets
GfxDevice: creating device client; threaded=0
Direct3D:
    Version:  Direct3D 11.0 [level 11.1]
    Renderer: NVIDIA GeForce RTX 2080 Ti (ID=0x1e07)
    Vendor:   
    VRAM:     11049 MB
    Driver:   27.21.14.5671
Shader 'Universal Render Pipeline/Particles/Lit': fallback shader 'Universal Render Pipeline/Particles/SimpleLit' not found
Initialize mono
Mono path[0] = 'C:/Program Files/Unity/Hub/Editor/2020.3.1f1/Editor/Data/Managed'
Mono path[1] = 'C:/Program Files/Unity/Hub/Editor/2020.3.1f1/Editor/Data/MonoBleedingEdge/lib/mono/unityjit'
Mono config path = 'C:/Program Files/Unity/Hub/Editor/2020.3.1f1/Editor/Data/MonoBleedingEdge/etc'
Using monoOptions --debugger-agent=transport=dt_socket,embedding=1,server=y,suspend=n,address=127.0.0.1:56128
Begin MonoManager ReloadAssembly
Registering precompiled unity dll's ...
Register platform support module: C:/Program Files/Unity/Hub/Editor/2020.3.1f1/Editor/Data/PlaybackEngines/WindowsStandaloneSupport/UnityEditor.WindowsStandalone.Extensions.dll
Registered in 0.001691 seconds.
Native extension for WindowsStandalone target not found
Refreshing native plugins compatible for Editor in 49.30 ms, found 0 plugins.
Preloading 0 native plugins for Editor in 0.00 ms.
Invoked RoslynAnalysisRunner static constructor.
RoslynAnalysisRunner will not be running.
RoslynAnalysisRunner has terminated.
Mono: successfully reloaded assembly
- Completed reload, in  1.448 seconds
Platform modules already initialized, skipping
Registering precompiled user dll's ...
Registered in 0.001651 seconds.
Begin MonoManager ReloadAssembly
Native extension for WindowsStandalone target not found
Refreshing native plugins compatible for Editor in 48.30 ms, found 0 plugins.
Preloading 0 native plugins for Editor in 0.00 ms.
Invoked RoslynAnalysisRunner static constructor.
RoslynAnalysisRunner will not be running.
RoslynAnalysisRunner has terminated.
Mono: successfully reloaded assembly
- Completed reload, in  0.823 seconds
Platform modules already initialized, skipping
========================================================================
Worker process is ready to serve import requests
Shader 'Universal Render Pipeline/Particles/Lit': fallback shader 'Universal Render Pipeline/Particles/SimpleLit' not found
Launched and connected shader compiler UnityShaderCompiler.exe after 0.05 seconds
Refreshing native plugins compatible for Editor in 0.56 ms, found 0 plugins.
Preloading 0 native plugins for Editor in 0.00 ms.
Unloading 2978 Unused Serialized files (Serialized files now loaded: 0)
System memory in use before: 132.9 MB.
System memory in use after: 133.1 MB.

Unloading 34 unused Assets to reduce memory usage. Loaded Objects now: 3404.
Total: 2.983300 ms (FindLiveObjects: 0.658200 ms CreateObjectMapping: 0.291800 ms MarkObjects: 1.958000 ms  DeleteObjects: 0.073900 ms)

========================================================================
Received Import Request.
  path: Assets/2DRenderer.asset
  artifactKey: Guid(98e2619015c9d9f4bba6a0535df86e23) Importer(815301076,1909f56bfc062723c751e8b465ee728b)
Start importing Assets/2DRenderer.asset using Guid(98e2619015c9d9f4bba6a0535df86e23) Importer(815301076,1909f56bfc062723c751e8b465ee728b)  -> (artifact id: '9c3b9a0ad8ce819f163ec57f819bac6e') in 0.033828 seconds
  Import took 0.039002 seconds .

========================================================================
Received Import Request.
  Time since last request: 0.000168 seconds.
  path: Assets/LWRP.asset
  artifactKey: Guid(a4898a3ac1cd9dc45869399359c30007) Importer(815301076,1909f56bfc062723c751e8b465ee728b)
Start importing Assets/LWRP.asset using Guid(a4898a3ac1cd9dc45869399359c30007) Importer(815301076,1909f56bfc062723c751e8b465ee728b)  -> (artifact id: '4c879ea9e82658c5d103573fddb4cf74') in 0.004828 seconds
  Import took 0.009154 seconds .

========================================================================
Received Import Request.
  Time since last request: 2.034580 seconds.
  path: Assets/Scenes
  artifactKey: Guid(0628ca7c5fdbc1f4b985590629621061) Importer(815301076,1909f56bfc062723c751e8b465ee728b)
Start importing Assets/Scenes using Guid(0628ca7c5fdbc1f4b985590629621061) Importer(815301076,1909f56bfc062723c751e8b465ee728b)  -> (artifact id: 'd718f29012cca5de88cec7e0cce6b80a') in 0.003952 seconds
  Import took 0.007627 seconds .

========================================================================
Received Import Request.
  Time since last request: 0.007563 seconds.
  path: Assets/Scenes
  artifactKey: Guid(0628ca7c5fdbc1f4b985590629621061) Importer(815301076,1909f56bfc062723c751e8b465ee728b)
Start importing Assets/Scenes using Guid(0628ca7c5fdbc1f4b985590629621061) Importer(815301076,1909f56bfc062723c751e8b465ee728b)  -> (artifact id: 'd718f29012cca5de88cec7e0cce6b80a') in 0.001058 seconds
  Import took 0.004600 seconds .

========================================================================
Received Import Request.
  Time since last request: 9.807702 seconds.
  path: Assets/Scenes/Tutorial.unity
  artifactKey: Guid(f2f373307fbd0f644ae50e4cf75d1742) Importer(815301076,1909f56bfc062723c751e8b465ee728b)
Start importing Assets/Scenes/Tutorial.unity using Guid(f2f373307fbd0f644ae50e4cf75d1742) Importer(815301076,1909f56bfc062723c751e8b465ee728b)  -> (artifact id: '49543c2dd2ef23afc460f0319e59ecfd') in 0.004295 seconds
  Import took 0.007959 seconds .

========================================================================
Received Prepare
Registering precompiled user dll's ...
Registered in 0.001662 seconds.
Begin MonoManager ReloadAssembly
Native extension for WindowsStandalone target not found
Refreshing native plugins compatible for Editor in 0.53 ms, found 0 plugins.
Preloading 0 native plugins for Editor in 0.00 ms.
Invoked RoslynAnalysisRunner static constructor.
RoslynAnalysisRunner will not be running.
RoslynAnalysisRunner has terminated.
Mono: successfully reloaded assembly
- Completed reload, in  0.683 seconds
Platform modules already initialized, skipping
Shader 'Universal Render Pipeline/Particles/Lit': fallback shader 'Universal Render Pipeline/Particles/SimpleLit' not found
Refreshing native plugins compatible for Editor in 0.51 ms, found 0 plugins.
Preloading 0 native plugins for Editor in 0.00 ms.
Unloading 2828 Unused Serialized files (Serialized files now loaded: 0)
System memory in use before: 123.8 MB.
System memory in use after: 124.0 MB.

Unloading 25 unused Assets to reduce memory usage. Loaded Objects now: 3409.
Total: 2.097300 ms (FindLiveObjects: 0.249400 ms CreateObjectMapping: 0.142600 ms MarkObjects: 1.687100 ms  DeleteObjects: 0.017400 ms)

========================================================================
Received Prepare
Registering precompiled user dll's ...
Registered in 0.001490 seconds.
Begin MonoManager ReloadAssembly
Native extension for WindowsStandalone target not found
Refreshing native plugins compatible for Editor in 0.51 ms, found 0 plugins.
Preloading 0 native plugins for Editor in 0.00 ms.
Invoked RoslynAnalysisRunner static constructor.
RoslynAnalysisRunner will not be running.
RoslynAnalysisRunner has terminated.
Mono: successfully reloaded assembly
- Completed reload, in  0.700 seconds
Platform modules already initialized, skipping
Shader 'Universal Render Pipeline/Particles/Lit': fallback shader 'Universal Render Pipeline/Particles/SimpleLit' not found
Refreshing native plugins compatible for Editor in 0.51 ms, found 0 plugins.
Preloading 0 native plugins for Editor in 0.00 ms.
Unloading 2826 Unused Serialized files (Serialized files now loaded: 0)
System memory in use before: 123.8 MB.
System memory in use after: 124.0 MB.

Unloading 25 unused Assets to reduce memory usage. Loaded Objects now: 3412.
Total: 1.987300 ms (FindLiveObjects: 0.262500 ms CreateObjectMapping: 0.104900 ms MarkObjects: 1.601000 ms  DeleteObjects: 0.017700 ms)

========================================================================
Received Prepare
Registering precompiled user dll's ...
Registered in 0.001510 seconds.
Begin MonoManager ReloadAssembly
Native extension for WindowsStandalone target not found
Refreshing native plugins compatible for Editor in 0.52 ms, found 0 plugins.
Preloading 0 native plugins for Editor in 0.00 ms.
Invoked RoslynAnalysisRunner static constructor.
RoslynAnalysisRunner will not be running.
RoslynAnalysisRunner has terminated.
Mono: successfully reloaded assembly
- Completed reload, in  0.684 seconds
Platform modules already initialized, skipping
Shader 'Universal Render Pipeline/Particles/Lit': fallback shader 'Universal Render Pipeline/Particles/SimpleLit' not found
Refreshing native plugins compatible for Editor in 0.58 ms, found 0 plugins.
Preloading 0 native plugins for Editor in 0.00 ms.
Unloading 2826 Unused Serialized files (Serialized files now loaded: 0)
System memory in use before: 123.8 MB.
System memory in use after: 124.0 MB.

Unloading 25 unused Assets to reduce memory usage. Loaded Objects now: 3415.
Total: 2.255800 ms (FindLiveObjects: 0.363600 ms CreateObjectMapping: 0.154300 ms MarkObjects: 1.715400 ms  DeleteObjects: 0.021500 ms)

========================================================================
Received Prepare
Registering precompiled user dll's ...
Registered in 0.001564 seconds.
Begin MonoManager ReloadAssembly
Native extension for WindowsStandalone target not found
Refreshing native plugins compatible for Editor in 0.51 ms, found 0 plugins.
Preloading 0 native plugins for Editor in 0.00 ms.
Invoked RoslynAnalysisRunner static constructor.
RoslynAnalysisRunner will not be running.
RoslynAnalysisRunner has terminated.
Mono: successfully reloaded assembly
- Completed reload, in  0.685 seconds
Platform modules already initialized, skipping
Shader 'Universal Render Pipeline/Particles/Lit': fallback shader 'Universal Render Pipeline/Particles/SimpleLit' not found
Refreshing native plugins compatible for Editor in 0.51 ms, found 0 plugins.
Preloading 0 native plugins for Editor in 0.00 ms.
Unloading 2826 Unused Serialized files (Serialized files now loaded: 0)
System memory in use before: 123.8 MB.
System memory in use after: 124.1 MB.

Unloading 25 unused Assets to reduce memory usage. Loaded Objects now: 3418.
Total: 2.707200 ms (FindLiveObjects: 0.781400 ms CreateObjectMapping: 0.298400 ms MarkObjects: 1.608900 ms  DeleteObjects: 0.017700 ms)

========================================================================
Received Prepare
Registering precompiled user dll's ...
Registered in 0.001636 seconds.
Begin MonoManager ReloadAssembly
Native extension for WindowsStandalone target not found
Refreshing native plugins compatible for Editor in 0.51 ms, found 0 plugins.
Preloading 0 native plugins for Editor in 0.00 ms.
Invoked RoslynAnalysisRunner static constructor.
RoslynAnalysisRunner will not be running.
RoslynAnalysisRunner has terminated.
Mono: successfully reloaded assembly
- Completed reload, in  0.689 seconds
Platform modules already initialized, skipping
Shader 'Universal Render Pipeline/Particles/Lit': fallback shader 'Universal Render Pipeline/Particles/SimpleLit' not found
Refreshing native plugins compatible for Editor in 0.53 ms, found 0 plugins.
Preloading 0 native plugins for Editor in 0.00 ms.
Unloading 2826 Unused Serialized files (Serialized files now loaded: 0)
System memory in use before: 123.8 MB.
System memory in use after: 124.1 MB.

Unloading 25 unused Assets to reduce memory usage. Loaded Objects now: 3421.
Total: 2.227900 ms (FindLiveObjects: 0.267700 ms CreateObjectMapping: 0.119800 ms MarkObjects: 1.821600 ms  DeleteObjects: 0.018100 ms)

========================================================================
Received Prepare
Registering precompiled user dll's ...
Registered in 0.001609 seconds.
Begin MonoManager ReloadAssembly
Native extension for WindowsStandalone target not found
Refreshing native plugins compatible for Editor in 0.52 ms, found 0 plugins.
Preloading 0 native plugins for Editor in 0.00 ms.
Invoked RoslynAnalysisRunner static constructor.
RoslynAnalysisRunner will not be running.
RoslynAnalysisRunner has terminated.
Mono: successfully reloaded assembly
- Completed reload, in  0.684 seconds
Platform modules already initialized, skipping
Shader 'Universal Render Pipeline/Particles/Lit': fallback shader 'Universal Render Pipeline/Particles/SimpleLit' not found
Refreshing native plugins compatible for Editor in 0.59 ms, found 0 plugins.
Preloading 0 native plugins for Editor in 0.00 ms.
Unloading 2826 Unused Serialized files (Serialized files now loaded: 0)
System memory in use before: 123.9 MB.
System memory in use after: 124.1 MB.

Unloading 25 unused Assets to reduce memory usage. Loaded Objects now: 3424.
Total: 2.102200 ms (FindLiveObjects: 0.318700 ms CreateObjectMapping: 0.156900 ms MarkObjects: 1.607200 ms  DeleteObjects: 0.018700 ms)

========================================================================
Received Prepare
Registering precompiled user dll's ...
Registered in 0.001607 seconds.
Begin MonoManager ReloadAssembly
Native extension for WindowsStandalone target not found
Refreshing native plugins compatible for Editor in 0.52 ms, found 0 plugins.
Preloading 0 native plugins for Editor in 0.00 ms.
Invoked RoslynAnalysisRunner static constructor.
RoslynAnalysisRunner will not be running.
RoslynAnalysisRunner has terminated.
Mono: successfully reloaded assembly
- Completed reload, in  0.694 seconds
Platform modules already initialized, skipping
Shader 'Universal Render Pipeline/Particles/Lit': fallback shader 'Universal Render Pipeline/Particles/SimpleLit' not found
Refreshing native plugins compatible for Editor in 0.52 ms, found 0 plugins.
Preloading 0 native plugins for Editor in 0.00 ms.
Unloading 2826 Unused Serialized files (Serialized files now loaded: 0)
System memory in use before: 123.9 MB.
System memory in use after: 124.1 MB.

Unloading 25 unused Assets to reduce memory usage. Loaded Objects now: 3427.
Total: 2.311500 ms (FindLiveObjects: 0.329200 ms CreateObjectMapping: 0.168400 ms MarkObjects: 1.788600 ms  DeleteObjects: 0.024500 ms)

========================================================================
Received Prepare
Registering precompiled user dll's ...
Registered in 0.001637 seconds.
Begin MonoManager ReloadAssembly
Native extension for WindowsStandalone target not found
Refreshing native plugins compatible for Editor in 0.51 ms, found 0 plugins.
Preloading 0 native plugins for Editor in 0.00 ms.
Invoked RoslynAnalysisRunner static constructor.
RoslynAnalysisRunner will not be running.
RoslynAnalysisRunner has terminated.
Mono: successfully reloaded assembly
- Completed reload, in  0.671 seconds
Platform modules already initialized, skipping
Shader 'Universal Render Pipeline/Particles/Lit': fallback shader 'Universal Render Pipeline/Particles/SimpleLit' not found
Refreshing native plugins compatible for Editor in 0.51 ms, found 0 plugins.
Preloading 0 native plugins for Editor in 0.00 ms.
Unloading 2826 Unused Serialized files (Serialized files now loaded: 0)
System memory in use before: 123.9 MB.
System memory in use after: 124.1 MB.

Unloading 25 unused Assets to reduce memory usage. Loaded Objects now: 3430.
Total: 1.858800 ms (FindLiveObjects: 0.261900 ms CreateObjectMapping: 0.146900 ms MarkObjects: 1.432700 ms  DeleteObjects: 0.016600 ms)

========================================================================
Received Prepare
Registering precompiled user dll's ...
Registered in 0.001625 seconds.
Begin MonoManager ReloadAssembly
Native extension for WindowsStandalone target not found
Refreshing native plugins compatible for Editor in 0.52 ms, found 0 plugins.
Preloading 0 native plugins for Editor in 0.00 ms.
Invoked RoslynAnalysisRunner static constructor.
RoslynAnalysisRunner will not be running.
RoslynAnalysisRunner has terminated.
Mono: successfully reloaded assembly
- Completed reload, in  0.684 seconds
Platform modules already initialized, skipping
Shader 'Universal Render Pipeline/Particles/Lit': fallback shader 'Universal Render Pipeline/Particles/SimpleLit' not found
Refreshing native plugins compatible for Editor in 0.53 ms, found 0 plugins.
Preloading 0 native plugins for Editor in 0.00 ms.
Unloading 2826 Unused Serialized files (Serialized files now loaded: 0)
System memory in use before: 123.9 MB.
System memory in use after: 124.1 MB.

Unloading 25 unused Assets to reduce memory usage. Loaded Objects now: 3433.
Total: 2.101100 ms (FindLiveObjects: 0.316500 ms CreateObjectMapping: 0.215800 ms MarkObjects: 1.550300 ms  DeleteObjects: 0.017400 ms)

========================================================================
Received Import Request.
  Time since last request: 1404.835526 seconds.
  path: Assets/Scripts
  artifactKey: Guid(fbb93f753b518e9449c4f5e2d4d02e32) Importer(815301076,1909f56bfc062723c751e8b465ee728b)
Start importing Assets/Scripts using Guid(fbb93f753b518e9449c4f5e2d4d02e32) Importer(815301076,1909f56bfc062723c751e8b465ee728b)  -> (artifact id: '6c2183d51324376e4f8fcbece4e27936') in 0.007122 seconds
  Import took 0.010933 seconds .

========================================================================
Received Import Request.
  Time since last request: 4.849345 seconds.
  path: Assets/Scripts/Score.cs
  artifactKey: Guid(7c493c9541dec9246bf7316f41c5c6e6) Importer(815301076,1909f56bfc062723c751e8b465ee728b)
Start importing Assets/Scripts/Score.cs using Guid(7c493c9541dec9246bf7316f41c5c6e6) Importer(815301076,1909f56bfc062723c751e8b465ee728b)  -> (artifact id: 'e1450c66e49acc075691ef7730c39227') in 0.016803 seconds
  Import took 0.020336 seconds .

========================================================================
Received Import Request.
  Time since last request: 21.055474 seconds.
  path: Assets/Scenes/Luca.unity
  artifactKey: Guid(cc26ef7e300630f45bb4b9cd9ac44899) Importer(815301076,1909f56bfc062723c751e8b465ee728b)
Start importing Assets/Scenes/Luca.unity using Guid(cc26ef7e300630f45bb4b9cd9ac44899) Importer(815301076,1909f56bfc062723c751e8b465ee728b)  -> (artifact id: 'b27cf5a8bddd571bf1610e3a2b80cb0d') in 0.008732 seconds
  Import took 0.012985 seconds .

========================================================================
Received Prepare
Registering precompiled user dll's ...
Registered in 0.001620 seconds.
Begin MonoManager ReloadAssembly
Native extension for WindowsStandalone target not found
Refreshing native plugins compatible for Editor in 0.51 ms, found 0 plugins.
Preloading 0 native plugins for Editor in 0.00 ms.
Invoked RoslynAnalysisRunner static constructor.
RoslynAnalysisRunner will not be running.
RoslynAnalysisRunner has terminated.
Mono: successfully reloaded assembly
- Completed reload, in  0.675 seconds
Platform modules already initialized, skipping
Shader 'Universal Render Pipeline/Particles/Lit': fallback shader 'Universal Render Pipeline/Particles/SimpleLit' not found
Refreshing native plugins compatible for Editor in 0.56 ms, found 0 plugins.
Preloading 0 native plugins for Editor in 0.00 ms.
Unloading 2826 Unused Serialized files (Serialized files now loaded: 0)
System memory in use before: 123.9 MB.
System memory in use after: 124.1 MB.

Unloading 25 unused Assets to reduce memory usage. Loaded Objects now: 3436.
Total: 2.176300 ms (FindLiveObjects: 0.345000 ms CreateObjectMapping: 0.238100 ms MarkObjects: 1.574800 ms  DeleteObjects: 0.017800 ms)

========================================================================
Received Prepare
Registering precompiled user dll's ...
Registered in 0.001579 seconds.
Begin MonoManager ReloadAssembly
Native extension for WindowsStandalone target not found
Refreshing native plugins compatible for Editor in 0.70 ms, found 0 plugins.
Preloading 0 native plugins for Editor in 0.00 ms.
Invoked RoslynAnalysisRunner static constructor.
RoslynAnalysisRunner will not be running.
RoslynAnalysisRunner has terminated.
Mono: successfully reloaded assembly
- Completed reload, in  0.683 seconds
Platform modules already initialized, skipping
Shader 'Universal Render Pipeline/Particles/Lit': fallback shader 'Universal Render Pipeline/Particles/SimpleLit' not found
Refreshing native plugins compatible for Editor in 0.52 ms, found 0 plugins.
Preloading 0 native plugins for Editor in 0.00 ms.
Unloading 2826 Unused Serialized files (Serialized files now loaded: 0)
System memory in use before: 123.9 MB.
System memory in use after: 124.1 MB.

Unloading 25 unused Assets to reduce memory usage. Loaded Objects now: 3439.
Total: 2.468900 ms (FindLiveObjects: 0.475600 ms CreateObjectMapping: 0.195300 ms MarkObjects: 1.777000 ms  DeleteObjects: 0.020000 ms)

========================================================================
Received Prepare
Registering precompiled user dll's ...
Registered in 0.001513 seconds.
Begin MonoManager ReloadAssembly
Native extension for WindowsStandalone target not found
Refreshing native plugins compatible for Editor in 0.52 ms, found 0 plugins.
Preloading 0 native plugins for Editor in 0.00 ms.
Invoked RoslynAnalysisRunner static constructor.
RoslynAnalysisRunner will not be running.
RoslynAnalysisRunner has terminated.
Mono: successfully reloaded assembly
- Completed reload, in  0.698 seconds
Platform modules already initialized, skipping
Shader 'Universal Render Pipeline/Particles/Lit': fallback shader 'Universal Render Pipeline/Particles/SimpleLit' not found
Refreshing native plugins compatible for Editor in 0.51 ms, found 0 plugins.
Preloading 0 native plugins for Editor in 0.00 ms.
Unloading 2826 Unused Serialized files (Serialized files now loaded: 0)
System memory in use before: 123.9 MB.
System memory in use after: 124.1 MB.

Unloading 25 unused Assets to reduce memory usage. Loaded Objects now: 3442.
Total: 2.032500 ms (FindLiveObjects: 0.259400 ms CreateObjectMapping: 0.103500 ms MarkObjects: 1.654000 ms  DeleteObjects: 0.014800 ms)

========================================================================
Received Prepare
Registering precompiled user dll's ...
Registered in 0.001561 seconds.
Begin MonoManager ReloadAssembly
Native extension for WindowsStandalone target not found
Refreshing native plugins compatible for Editor in 0.53 ms, found 0 plugins.
Preloading 0 native plugins for Editor in 0.00 ms.
Invoked RoslynAnalysisRunner static constructor.
RoslynAnalysisRunner will not be running.
RoslynAnalysisRunner has terminated.
Mono: successfully reloaded assembly
- Completed reload, in  0.686 seconds
Platform modules already initialized, skipping
Shader 'Universal Render Pipeline/Particles/Lit': fallback shader 'Universal Render Pipeline/Particles/SimpleLit' not found
Refreshing native plugins compatible for Editor in 0.52 ms, found 0 plugins.
Preloading 0 native plugins for Editor in 0.00 ms.
Unloading 2826 Unused Serialized files (Serialized files now loaded: 0)
System memory in use before: 123.9 MB.
System memory in use after: 124.1 MB.

Unloading 25 unused Assets to reduce memory usage. Loaded Objects now: 3445.
Total: 2.067500 ms (FindLiveObjects: 0.256900 ms CreateObjectMapping: 0.152000 ms MarkObjects: 1.636900 ms  DeleteObjects: 0.020900 ms)

========================================================================
Received Prepare
Registering precompiled user dll's ...
Registered in 0.001514 seconds.
Begin MonoManager ReloadAssembly
Native extension for WindowsStandalone target not found
Refreshing native plugins compatible for Editor in 0.54 ms, found 0 plugins.
Preloading 0 native plugins for Editor in 0.00 ms.
Invoked RoslynAnalysisRunner static constructor.
RoslynAnalysisRunner will not be running.
RoslynAnalysisRunner has terminated.
Mono: successfully reloaded assembly
- Completed reload, in  0.704 seconds
Platform modules already initialized, skipping
Shader 'Universal Render Pipeline/Particles/Lit': fallback shader 'Universal Render Pipeline/Particles/SimpleLit' not found
Refreshing native plugins compatible for Editor in 0.51 ms, found 0 plugins.
Preloading 0 native plugins for Editor in 0.00 ms.
Unloading 2826 Unused Serialized files (Serialized files now loaded: 0)
System memory in use before: 123.9 MB.
System memory in use after: 124.1 MB.

Unloading 25 unused Assets to reduce memory usage. Loaded Objects now: 3448.
Total: 9.042700 ms (FindLiveObjects: 0.711100 ms CreateObjectMapping: 0.490300 ms MarkObjects: 7.787100 ms  DeleteObjects: 0.050700 ms)

========================================================================
Received Prepare
Registering precompiled user dll's ...
Registered in 0.001506 seconds.
Begin MonoManager ReloadAssembly
Native extension for WindowsStandalone target not found
Refreshing native plugins compatible for Editor in 0.51 ms, found 0 plugins.
Preloading 0 native plugins for Editor in 0.00 ms.
Invoked RoslynAnalysisRunner static constructor.
RoslynAnalysisRunner will not be running.
RoslynAnalysisRunner has terminated.
Mono: successfully reloaded assembly
- Completed reload, in  0.687 seconds
Platform modules already initialized, skipping
Shader 'Universal Render Pipeline/Particles/Lit': fallback shader 'Universal Render Pipeline/Particles/SimpleLit' not found
Refreshing native plugins compatible for Editor in 0.54 ms, found 0 plugins.
Preloading 0 native plugins for Editor in 0.00 ms.
Unloading 2826 Unused Serialized files (Serialized files now loaded: 0)
System memory in use before: 123.9 MB.
System memory in use after: 124.1 MB.

Unloading 25 unused Assets to reduce memory usage. Loaded Objects now: 3451.
Total: 2.529400 ms (FindLiveObjects: 0.418300 ms CreateObjectMapping: 0.284400 ms MarkObjects: 1.807900 ms  DeleteObjects: 0.017800 ms)

========================================================================
Received Prepare
Registering precompiled user dll's ...
Registered in 0.001585 seconds.
Begin MonoManager ReloadAssembly
Native extension for WindowsStandalone target not found
Refreshing native plugins compatible for Editor in 0.52 ms, found 0 plugins.
Preloading 0 native plugins for Editor in 0.00 ms.
Invoked RoslynAnalysisRunner static constructor.
RoslynAnalysisRunner will not be running.
RoslynAnalysisRunner has terminated.
Mono: successfully reloaded assembly
- Completed reload, in  0.682 seconds
Platform modules already initialized, skipping
Shader 'Universal Render Pipeline/Particles/Lit': fallback shader 'Universal Render Pipeline/Particles/SimpleLit' not found
Refreshing native plugins compatible for Editor in 0.52 ms, found 0 plugins.
Preloading 0 native plugins for Editor in 0.00 ms.
Unloading 2826 Unused Serialized files (Serialized files now loaded: 0)
System memory in use before: 123.9 MB.
System memory in use after: 124.2 MB.

Unloading 25 unused Assets to reduce memory usage. Loaded Objects now: 3454.
Total: 2.173900 ms (FindLiveObjects: 0.284700 ms CreateObjectMapping: 0.220600 ms MarkObjects: 1.650300 ms  DeleteObjects: 0.017200 ms)

========================================================================
Received Prepare
Registering precompiled user dll's ...
Registered in 0.001724 seconds.
Begin MonoManager ReloadAssembly
Native extension for WindowsStandalone target not found
Refreshing native plugins compatible for Editor in 0.51 ms, found 0 plugins.
Preloading 0 native plugins for Editor in 0.00 ms.
Invoked RoslynAnalysisRunner static constructor.
RoslynAnalysisRunner will not be running.
RoslynAnalysisRunner has terminated.
Mono: successfully reloaded assembly
- Completed reload, in  0.700 seconds
Platform modules already initialized, skipping
Shader 'Universal Render Pipeline/Particles/Lit': fallback shader 'Universal Render Pipeline/Particles/SimpleLit' not found
Refreshing native plugins compatible for Editor in 0.56 ms, found 0 plugins.
Preloading 0 native plugins for Editor in 0.00 ms.
Unloading 2826 Unused Serialized files (Serialized files now loaded: 0)
System memory in use before: 123.9 MB.
System memory in use after: 124.2 MB.

Unloading 25 unused Assets to reduce memory usage. Loaded Objects now: 3457.
Total: 2.177100 ms (FindLiveObjects: 0.252400 ms CreateObjectMapping: 0.122500 ms MarkObjects: 1.786100 ms  DeleteObjects: 0.015400 ms)

========================================================================
Received Import Request.
  Time since last request: 1165.395936 seconds.
  path: Assets/Prefabs
  artifactKey: Guid(99034db88aa32b544919617d1bb84f9b) Importer(815301076,1909f56bfc062723c751e8b465ee728b)
Start importing Assets/Prefabs using Guid(99034db88aa32b544919617d1bb84f9b) Importer(815301076,1909f56bfc062723c751e8b465ee728b)  -> (artifact id: 'c1deddabe55be16ddf5c12a3d0a30a17') in 0.007484 seconds
  Import took 0.011205 seconds .

========================================================================
Received Import Request.
  Time since last request: 0.042635 seconds.
  path: Assets/Prefabs/Granpa.prefab
  artifactKey: Guid(ae216e8f38888a041940bd5ac1226d25) Importer(815301076,1909f56bfc062723c751e8b465ee728b)
Start importing Assets/Prefabs/Granpa.prefab using Guid(ae216e8f38888a041940bd5ac1226d25) Importer(815301076,1909f56bfc062723c751e8b465ee728b) Cannot generate 9 slice most likely because the size is too big. Requires 120000 vertices and 180000 indices
UnityEngine.StackTraceUtility:ExtractStackTrace ()
UnityEngine.Rendering.ScriptableRenderContext:Internal_Cull (UnityEngine.Rendering.ScriptableCullingParameters&,UnityEngine.Rendering.ScriptableRenderContext,intptr)
UnityEngine.Rendering.ScriptableRenderContext:Cull (UnityEngine.Rendering.ScriptableCullingParameters&)
UnityEngine.Rendering.Universal.UniversalRenderPipeline:RenderSingleCamera (UnityEngine.Rendering.ScriptableRenderContext,UnityEngine.Rendering.Universal.CameraData,bool) (at Library/PackageCache/com.unity.render-pipelines.universal@10.3.2/Runtime/UniversalRenderPipeline.cs:371)
UnityEngine.Rendering.Universal.UniversalRenderPipeline:RenderSingleCamera (UnityEngine.Rendering.ScriptableRenderContext,UnityEngine.Camera) (at Library/PackageCache/com.unity.render-pipelines.universal@10.3.2/Runtime/UniversalRenderPipeline.cs:300)
UnityEngine.Rendering.Universal.UniversalRenderPipeline:Render (UnityEngine.Rendering.ScriptableRenderContext,UnityEngine.Camera[]) (at Library/PackageCache/com.unity.render-pipelines.universal@10.3.2/Runtime/UniversalRenderPipeline.cs:255)
UnityEngine.Rendering.RenderPipeline:InternalRender (UnityEngine.Rendering.ScriptableRenderContext,UnityEngine.Camera[])
UnityEngine.Rendering.RenderPipelineManager:DoRenderLoop_Internal (UnityEngine.Rendering.RenderPipelineAsset,intptr,System.Collections.Generic.List`1<UnityEngine.Camera/RenderRequest>,Unity.Collections.LowLevel.Unsafe.AtomicSafetyHandle)
UnityEditor.PreviewRenderUtility:Render (bool,bool)
UnityEditor.GameObjectInspector:DoRenderPreview ()
UnityEditor.GameObjectInspector:RenderStaticPreview (string,UnityEngine.Object[],int,int)
UnityEditor.AssetPreviewUpdater:CreatePreviewForAsset (UnityEngine.Object,UnityEngine.Object[],string)

[Library/PackageCache/com.unity.render-pipelines.universal@10.3.2/Runtime/UniversalRenderPipeline.cs line 371]

 -> (artifact id: '1c26be84a63aea1b576aced662a46105') in 0.165337 seconds
  Import took 0.169506 seconds .

========================================================================
Received Import Request.
  Time since last request: 3.247445 seconds.
  path: Assets/Prefabs/Elements
  artifactKey: Guid(cf4511c7e7478e84b92ad1567d7186d7) Importer(815301076,1909f56bfc062723c751e8b465ee728b)
Start importing Assets/Prefabs/Elements using Guid(cf4511c7e7478e84b92ad1567d7186d7) Importer(815301076,1909f56bfc062723c751e8b465ee728b)  -> (artifact id: 'cfabdc203ab5ad2a5df43de0df082a15') in 0.004021 seconds
  Import took 0.007761 seconds .

========================================================================
Received Import Request.
  Time since last request: 0.063521 seconds.
  path: Assets/Prefabs/Elements/Bomb.prefab
  artifactKey: Guid(4cd17d75cd65e6a478946f637619d23c) Importer(815301076,1909f56bfc062723c751e8b465ee728b)
Start importing Assets/Prefabs/Elements/Bomb.prefab using Guid(4cd17d75cd65e6a478946f637619d23c) Importer(815301076,1909f56bfc062723c751e8b465ee728b)  -> (artifact id: '0673f6e0e3e2e0fb74aab186ca4474d9') in 0.016499 seconds
  Import took 0.020496 seconds .

========================================================================
Received Import Request.
  Time since last request: 0.000241 seconds.
  path: Assets/Prefabs/Elements/Shelf.prefab
  artifactKey: Guid(5566d78886f12074d9be3967be68f195) Importer(815301076,1909f56bfc062723c751e8b465ee728b)
Start importing Assets/Prefabs/Elements/Shelf.prefab using Guid(5566d78886f12074d9be3967be68f195) Importer(815301076,1909f56bfc062723c751e8b465ee728b)  -> (artifact id: '094d818fbe41f93f433696b26ba37aeb') in 0.010924 seconds
  Import took 0.015371 seconds .

========================================================================
Received Import Request.
  Time since last request: 0.000261 seconds.
  path: Assets/Prefabs/Elements/Solid.prefab
  artifactKey: Guid(786d8c9085a431c4cb6cc9f5c2affff3) Importer(815301076,1909f56bfc062723c751e8b465ee728b)
Start importing Assets/Prefabs/Elements/Solid.prefab using Guid(786d8c9085a431c4cb6cc9f5c2affff3) Importer(815301076,1909f56bfc062723c751e8b465ee728b)  -> (artifact id: '4a478efd1d27712c1e3c4ea94759ea46') in 0.013202 seconds
  Import took 0.017448 seconds .

========================================================================
Received Import Request.
  Time since last request: 0.000237 seconds.
  path: Assets/Prefabs/Elements/Goblin.prefab
  artifactKey: Guid(4d01e1893cfa3e646b312fe5d94bee18) Importer(815301076,1909f56bfc062723c751e8b465ee728b)
Start importing Assets/Prefabs/Elements/Goblin.prefab using Guid(4d01e1893cfa3e646b312fe5d94bee18) Importer(815301076,1909f56bfc062723c751e8b465ee728b)  -> (artifact id: 'a038397ea1e934d2357feccaefed2116') in 0.009618 seconds
  Import took 0.013430 seconds .

========================================================================
Received Import Request.
  Time since last request: 0.000257 seconds.
  path: Assets/Prefabs/Elements/GoblinDestroyed.prefab
  artifactKey: Guid(ae72ea299b7729c4babbbb6716fa17e1) Importer(815301076,1909f56bfc062723c751e8b465ee728b)
Start importing Assets/Prefabs/Elements/GoblinDestroyed.prefab using Guid(ae72ea299b7729c4babbbb6716fa17e1) Importer(815301076,1909f56bfc062723c751e8b465ee728b)  -> (artifact id: '7f1c2b50f1f628ace662388089e2a8d3') in 0.012165 seconds
  Import took 0.016470 seconds .

========================================================================
Received Import Request.
  Time since last request: 0.000269 seconds.
  path: Assets/Prefabs/Elements/BombExploding.prefab
  artifactKey: Guid(2a2c4f0de59d25d4aa52f2e69d1a8c1c) Importer(815301076,1909f56bfc062723c751e8b465ee728b)
Start importing Assets/Prefabs/Elements/BombExploding.prefab using Guid(2a2c4f0de59d25d4aa52f2e69d1a8c1c) Importer(815301076,1909f56bfc062723c751e8b465ee728b)  -> (artifact id: '96a67747edd1d645f69e44ba60ff222e') in 0.012267 seconds
  Import took 0.016269 seconds .

========================================================================
Received Import Request.
  Time since last request: 0.000207 seconds.
  path: Assets/Prefabs/Elements/ShelfDestroyed.prefab
  artifactKey: Guid(4dc39266b0bdaf64e83c2d9269182ea7) Importer(815301076,1909f56bfc062723c751e8b465ee728b)
Start importing Assets/Prefabs/Elements/ShelfDestroyed.prefab using Guid(4dc39266b0bdaf64e83c2d9269182ea7) Importer(815301076,1909f56bfc062723c751e8b465ee728b)  -> (artifact id: '0bdc5d9deaaa24352fa8cd37b1fb1645') in 0.010241 seconds
  Import took 0.014128 seconds .

========================================================================
Received Import Request.
  Time since last request: 2.286904 seconds.
  path: Assets/Material/GoblinMat.mat
  artifactKey: Guid(b1801e43b455f5c438b54698dba8a0cd) Importer(815301076,1909f56bfc062723c751e8b465ee728b)
Start importing Assets/Material/GoblinMat.mat using Guid(b1801e43b455f5c438b54698dba8a0cd) Importer(815301076,1909f56bfc062723c751e8b465ee728b)  -> (artifact id: 'dc6f6a83b16549f0301787be55263728') in 0.026120 seconds
  Import took 0.030133 seconds .

========================================================================
Received Import Request.
  Time since last request: 9.878211 seconds.
  path: Assets/Prefabs/Elements/Goblin.prefab
  artifactKey: Guid(4d01e1893cfa3e646b312fe5d94bee18) Importer(815301076,1909f56bfc062723c751e8b465ee728b)
Start importing Assets/Prefabs/Elements/Goblin.prefab using Guid(4d01e1893cfa3e646b312fe5d94bee18) Importer(815301076,1909f56bfc062723c751e8b465ee728b)  -> (artifact id: '3db1c96f9dce79ddafc4f6a31770234a') in 0.005492 seconds
  Import took 0.009421 seconds .

========================================================================
Received Prepare
Registering precompiled user dll's ...
Registered in 0.001658 seconds.
Begin MonoManager ReloadAssembly
Native extension for WindowsStandalone target not found
Refreshing native plugins compatible for Editor in 0.53 ms, found 0 plugins.
Preloading 0 native plugins for Editor in 0.00 ms.
Invoked RoslynAnalysisRunner static constructor.
RoslynAnalysisRunner will not be running.
RoslynAnalysisRunner has terminated.
Mono: successfully reloaded assembly
- Completed reload, in  0.794 seconds
Platform modules already initialized, skipping
Shader 'Universal Render Pipeline/Particles/Lit': fallback shader 'Universal Render Pipeline/Particles/SimpleLit' not found
Refreshing native plugins compatible for Editor in 0.57 ms, found 0 plugins.
Preloading 0 native plugins for Editor in 0.00 ms.
Unloading 2826 Unused Serialized files (Serialized files now loaded: 0)
System memory in use before: 129.6 MB.
System memory in use after: 129.8 MB.

Unloading 26 unused Assets to reduce memory usage. Loaded Objects now: 3538.
Total: 3.283800 ms (FindLiveObjects: 0.555600 ms CreateObjectMapping: 0.346700 ms MarkObjects: 2.319800 ms  DeleteObjects: 0.060400 ms)

========================================================================
Received Prepare
Registering precompiled user dll's ...
Registered in 0.002128 seconds.
Begin MonoManager ReloadAssembly
Native extension for WindowsStandalone target not found
Refreshing native plugins compatible for Editor in 0.51 ms, found 0 plugins.
Preloading 0 native plugins for Editor in 0.00 ms.
Invoked RoslynAnalysisRunner static constructor.
RoslynAnalysisRunner will not be running.
RoslynAnalysisRunner has terminated.
Mono: successfully reloaded assembly
- Completed reload, in  0.705 seconds
Platform modules already initialized, skipping
Shader 'Universal Render Pipeline/Particles/Lit': fallback shader 'Universal Render Pipeline/Particles/SimpleLit' not found
Refreshing native plugins compatible for Editor in 0.53 ms, found 0 plugins.
Preloading 0 native plugins for Editor in 0.00 ms.
Unloading 2826 Unused Serialized files (Serialized files now loaded: 0)
System memory in use before: 129.6 MB.
System memory in use after: 129.8 MB.

Unloading 25 unused Assets to reduce memory usage. Loaded Objects now: 3541.
Total: 2.893800 ms (FindLiveObjects: 0.299700 ms CreateObjectMapping: 0.192200 ms MarkObjects: 2.377100 ms  DeleteObjects: 0.024100 ms)

========================================================================
Received Prepare
Registering precompiled user dll's ...
Registered in 0.001574 seconds.
Begin MonoManager ReloadAssembly
Native extension for WindowsStandalone target not found
Refreshing native plugins compatible for Editor in 0.51 ms, found 0 plugins.
Preloading 0 native plugins for Editor in 0.00 ms.
Invoked RoslynAnalysisRunner static constructor.
RoslynAnalysisRunner will not be running.
RoslynAnalysisRunner has terminated.
Mono: successfully reloaded assembly
- Completed reload, in  0.710 seconds
Platform modules already initialized, skipping
Shader 'Universal Render Pipeline/Particles/Lit': fallback shader 'Universal Render Pipeline/Particles/SimpleLit' not found
Refreshing native plugins compatible for Editor in 0.52 ms, found 0 plugins.
Preloading 0 native plugins for Editor in 0.00 ms.
Unloading 2826 Unused Serialized files (Serialized files now loaded: 0)
System memory in use before: 129.6 MB.
System memory in use after: 129.8 MB.

Unloading 25 unused Assets to reduce memory usage. Loaded Objects now: 3544.
Total: 2.084700 ms (FindLiveObjects: 0.274200 ms CreateObjectMapping: 0.126100 ms MarkObjects: 1.666900 ms  DeleteObjects: 0.016800 ms)

========================================================================
Received Import Request.
  Time since last request: 434.312162 seconds.
  path: Assets/Prefabs/Necesarry
  artifactKey: Guid(ee5d0f3835cd7264e94c5092503d7040) Importer(815301076,1909f56bfc062723c751e8b465ee728b)
Start importing Assets/Prefabs/Necesarry using Guid(ee5d0f3835cd7264e94c5092503d7040) Importer(815301076,1909f56bfc062723c751e8b465ee728b)  -> (artifact id: 'e6d864501ab9d4990597414600233b79') in 0.007167 seconds
  Import took 0.010948 seconds .

========================================================================
Received Import Request.
  Time since last request: 0.059083 seconds.
  path: Assets/Prefabs/Necesarry/_Background.prefab
  artifactKey: Guid(675a7583d298a2c4b9ec45d4f6d1ff33) Importer(815301076,1909f56bfc062723c751e8b465ee728b)
Start importing Assets/Prefabs/Necesarry/_Background.prefab using Guid(675a7583d298a2c4b9ec45d4f6d1ff33) Importer(815301076,1909f56bfc062723c751e8b465ee728b)  -> (artifact id: '462fcfecc2e1a41a78e0a7f8cf3282d1') in 0.112178 seconds
  Import took 0.116712 seconds .

========================================================================
Received Import Request.
  Time since last request: 0.000218 seconds.
  path: Assets/Prefabs/Necesarry/_InstanceHolder.prefab
  artifactKey: Guid(3ce2b7ceb306fd34995ab893491fd37b) Importer(815301076,1909f56bfc062723c751e8b465ee728b)
Start importing Assets/Prefabs/Necesarry/_InstanceHolder.prefab using Guid(3ce2b7ceb306fd34995ab893491fd37b) Importer(815301076,1909f56bfc062723c751e8b465ee728b)  -> (artifact id: '0f8d017a70ec2356fb9a4847b5fc0127') in 0.006173 seconds
  Import took 0.009699 seconds .

========================================================================
Received Import Request.
  Time since last request: 0.000154 seconds.
  path: Assets/Prefabs/Necesarry/_Canvas.prefab
  artifactKey: Guid(77f7642e4d3f77640b7718cc0a336c60) Importer(815301076,1909f56bfc062723c751e8b465ee728b)
Start importing Assets/Prefabs/Necesarry/_Canvas.prefab using Guid(77f7642e4d3f77640b7718cc0a336c60) Importer(815301076,1909f56bfc062723c751e8b465ee728b)  -> (artifact id: 'ee30de1dfd598a0ba4904576e4a63664') in 0.054165 seconds
  Import took 0.057748 seconds .

========================================================================
Received Prepare
Registering precompiled user dll's ...
Registered in 0.001669 seconds.
Begin MonoManager ReloadAssembly
Native extension for WindowsStandalone target not found
Refreshing native plugins compatible for Editor in 0.51 ms, found 0 plugins.
Preloading 0 native plugins for Editor in 0.00 ms.
Invoked RoslynAnalysisRunner static constructor.
RoslynAnalysisRunner will not be running.
RoslynAnalysisRunner has terminated.
Mono: successfully reloaded assembly
- Completed reload, in  0.700 seconds
Platform modules already initialized, skipping
Shader 'Universal Render Pipeline/Particles/Lit': fallback shader 'Universal Render Pipeline/Particles/SimpleLit' not found
Refreshing native plugins compatible for Editor in 0.51 ms, found 0 plugins.
Preloading 0 native plugins for Editor in 0.00 ms.
Unloading 2826 Unused Serialized files (Serialized files now loaded: 0)
System memory in use before: 129.7 MB.
System memory in use after: 129.9 MB.

Unloading 26 unused Assets to reduce memory usage. Loaded Objects now: 3583.
Total: 6.795100 ms (FindLiveObjects: 1.365200 ms CreateObjectMapping: 0.833300 ms MarkObjects: 4.567500 ms  DeleteObjects: 0.026600 ms)

========================================================================
Received Import Request.
  Time since last request: 10.192412 seconds.
  path: Assets/Prefabs/Necesarry/_InstanceHolder.prefab
  artifactKey: Guid(3ce2b7ceb306fd34995ab893491fd37b) Importer(815301076,1909f56bfc062723c751e8b465ee728b)
Start importing Assets/Prefabs/Necesarry/_InstanceHolder.prefab using Guid(3ce2b7ceb306fd34995ab893491fd37b) Importer(815301076,1909f56bfc062723c751e8b465ee728b)  -> (artifact id: '2efc30d74b2c8eff3efc0cfc6a04ff07') in 0.016046 seconds
  Import took 0.019871 seconds .

========================================================================
Received Prepare
Registering precompiled user dll's ...
Registered in 0.001564 seconds.
Begin MonoManager ReloadAssembly
Native extension for WindowsStandalone target not found
Refreshing native plugins compatible for Editor in 0.53 ms, found 0 plugins.
Preloading 0 native plugins for Editor in 0.00 ms.
Invoked RoslynAnalysisRunner static constructor.
RoslynAnalysisRunner will not be running.
RoslynAnalysisRunner has terminated.
Mono: successfully reloaded assembly
- Completed reload, in  0.720 seconds
Platform modules already initialized, skipping
Shader 'Universal Render Pipeline/Particles/Lit': fallback shader 'Universal Render Pipeline/Particles/SimpleLit' not found
Refreshing native plugins compatible for Editor in 0.56 ms, found 0 plugins.
Preloading 0 native plugins for Editor in 0.00 ms.
Unloading 2826 Unused Serialized files (Serialized files now loaded: 0)
System memory in use before: 129.7 MB.
System memory in use after: 129.9 MB.

Unloading 25 unused Assets to reduce memory usage. Loaded Objects now: 3586.
Total: 2.391100 ms (FindLiveObjects: 0.476700 ms CreateObjectMapping: 0.117100 ms MarkObjects: 1.782100 ms  DeleteObjects: 0.014300 ms)

========================================================================
Received Prepare
Registering precompiled user dll's ...
Registered in 0.001618 seconds.
Begin MonoManager ReloadAssembly
Native extension for WindowsStandalone target not found
Refreshing native plugins compatible for Editor in 0.54 ms, found 0 plugins.
Preloading 0 native plugins for Editor in 0.00 ms.
Invoked RoslynAnalysisRunner static constructor.
RoslynAnalysisRunner will not be running.
RoslynAnalysisRunner has terminated.
Mono: successfully reloaded assembly
- Completed reload, in  0.703 seconds
Platform modules already initialized, skipping
Shader 'Universal Render Pipeline/Particles/Lit': fallback shader 'Universal Render Pipeline/Particles/SimpleLit' not found
Refreshing native plugins compatible for Editor in 0.51 ms, found 0 plugins.
Preloading 0 native plugins for Editor in 0.00 ms.
Unloading 2826 Unused Serialized files (Serialized files now loaded: 0)
System memory in use before: 129.7 MB.
System memory in use after: 130.0 MB.

Unloading 25 unused Assets to reduce memory usage. Loaded Objects now: 3589.
Total: 2.508100 ms (FindLiveObjects: 0.438200 ms CreateObjectMapping: 0.178000 ms MarkObjects: 1.874800 ms  DeleteObjects: 0.016400 ms)

========================================================================
Received Prepare
Registering precompiled user dll's ...
Registered in 0.001569 seconds.
Begin MonoManager ReloadAssembly
Native extension for WindowsStandalone target not found
Refreshing native plugins compatible for Editor in 0.52 ms, found 0 plugins.
Preloading 0 native plugins for Editor in 0.00 ms.
Invoked RoslynAnalysisRunner static constructor.
RoslynAnalysisRunner will not be running.
RoslynAnalysisRunner has terminated.
Mono: successfully reloaded assembly
- Completed reload, in  0.715 seconds
Platform modules already initialized, skipping
Shader 'Universal Render Pipeline/Particles/Lit': fallback shader 'Universal Render Pipeline/Particles/SimpleLit' not found
Refreshing native plugins compatible for Editor in 0.50 ms, found 0 plugins.
Preloading 0 native plugins for Editor in 0.00 ms.
Unloading 2826 Unused Serialized files (Serialized files now loaded: 0)
System memory in use before: 129.7 MB.
System memory in use after: 130.0 MB.

Unloading 25 unused Assets to reduce memory usage. Loaded Objects now: 3592.
Total: 2.402200 ms (FindLiveObjects: 0.336100 ms CreateObjectMapping: 0.149900 ms MarkObjects: 1.896500 ms  DeleteObjects: 0.018600 ms)

========================================================================
Received Prepare
Registering precompiled user dll's ...
Registered in 0.001725 seconds.
Begin MonoManager ReloadAssembly
Native extension for WindowsStandalone target not found
Refreshing native plugins compatible for Editor in 0.54 ms, found 0 plugins.
Preloading 0 native plugins for Editor in 0.00 ms.
Invoked RoslynAnalysisRunner static constructor.
RoslynAnalysisRunner will not be running.
RoslynAnalysisRunner has terminated.
Mono: successfully reloaded assembly
- Completed reload, in  0.767 seconds
Platform modules already initialized, skipping
Shader 'Universal Render Pipeline/Particles/Lit': fallback shader 'Universal Render Pipeline/Particles/SimpleLit' not found
Refreshing native plugins compatible for Editor in 0.55 ms, found 0 plugins.
Preloading 0 native plugins for Editor in 0.00 ms.
Unloading 2826 Unused Serialized files (Serialized files now loaded: 0)
System memory in use before: 129.7 MB.
System memory in use after: 130.0 MB.

Unloading 25 unused Assets to reduce memory usage. Loaded Objects now: 3595.
Total: 2.661600 ms (FindLiveObjects: 0.620100 ms CreateObjectMapping: 0.225800 ms MarkObjects: 1.797000 ms  DeleteObjects: 0.017400 ms)

========================================================================
Received Import Request.
  Time since last request: 298.560608 seconds.
  path: Assets/Prefabs/Elements/Bomb.prefab
  artifactKey: Guid(4cd17d75cd65e6a478946f637619d23c) Importer(815301076,1909f56bfc062723c751e8b465ee728b)
Start importing Assets/Prefabs/Elements/Bomb.prefab using Guid(4cd17d75cd65e6a478946f637619d23c) Importer(815301076,1909f56bfc062723c751e8b465ee728b)  -> (artifact id: '4d30d66d9700999436033e7d9d7a6a64') in 0.121944 seconds
  Import took 0.126193 seconds .

========================================================================
Received Import Request.
  Time since last request: 1.667501 seconds.
  path: Assets/Material/Explosion.mat
  artifactKey: Guid(b1255e6f6d5158c4a8f7c10ddb586fce) Importer(815301076,1909f56bfc062723c751e8b465ee728b)
Start importing Assets/Material/Explosion.mat using Guid(b1255e6f6d5158c4a8f7c10ddb586fce) Importer(815301076,1909f56bfc062723c751e8b465ee728b)  -> (artifact id: 'f111aef20a216c5838c1e18929602580') in 0.018134 seconds
  Import took 0.022226 seconds .

========================================================================
Received Import Request.
  Time since last request: 138.137098 seconds.
  path: Assets/Scripts/Timer.cs
  artifactKey: Guid(65eadc80380d39d4c97357fe36cca518) Importer(815301076,1909f56bfc062723c751e8b465ee728b)
Start importing Assets/Scripts/Timer.cs using Guid(65eadc80380d39d4c97357fe36cca518) Importer(815301076,1909f56bfc062723c751e8b465ee728b)  -> (artifact id: '8414ba1378e5e8ebbf5ef9ed232ca20d') in 0.004873 seconds
  Import took 0.009053 seconds .

========================================================================
Received Prepare
Registering precompiled user dll's ...
Registered in 0.001588 seconds.
Begin MonoManager ReloadAssembly
Native extension for WindowsStandalone target not found
Refreshing native plugins compatible for Editor in 0.56 ms, found 0 plugins.
Preloading 0 native plugins for Editor in 0.00 ms.
Invoked RoslynAnalysisRunner static constructor.
RoslynAnalysisRunner will not be running.
RoslynAnalysisRunner has terminated.
Mono: successfully reloaded assembly
- Completed reload, in  0.747 seconds
Platform modules already initialized, skipping
Shader 'Universal Render Pipeline/Particles/Lit': fallback shader 'Universal Render Pipeline/Particles/SimpleLit' not found
Refreshing native plugins compatible for Editor in 0.52 ms, found 0 plugins.
Preloading 0 native plugins for Editor in 0.00 ms.
Unloading 2827 Unused Serialized files (Serialized files now loaded: 0)
System memory in use before: 129.9 MB.
System memory in use after: 130.1 MB.

Unloading 26 unused Assets to reduce memory usage. Loaded Objects now: 3635.
Total: 2.104900 ms (FindLiveObjects: 0.306400 ms CreateObjectMapping: 0.212500 ms MarkObjects: 1.549100 ms  DeleteObjects: 0.036100 ms)

========================================================================
Received Import Request.
  Time since last request: 45.918258 seconds.
  path: Assets/Scripts/Timer.cs
  artifactKey: Guid(65eadc80380d39d4c97357fe36cca518) Importer(815301076,1909f56bfc062723c751e8b465ee728b)
Start importing Assets/Scripts/Timer.cs using Guid(65eadc80380d39d4c97357fe36cca518) Importer(815301076,1909f56bfc062723c751e8b465ee728b)  -> (artifact id: '7e2419b247d3d7a04215b0679cb4f1bd') in 0.004369 seconds
  Import took 0.008276 seconds .

========================================================================
Received Prepare
Registering precompiled user dll's ...
Registered in 0.001553 seconds.
Begin MonoManager ReloadAssembly
Native extension for WindowsStandalone target not found
Refreshing native plugins compatible for Editor in 0.52 ms, found 0 plugins.
Preloading 0 native plugins for Editor in 0.00 ms.
Invoked RoslynAnalysisRunner static constructor.
RoslynAnalysisRunner will not be running.
RoslynAnalysisRunner has terminated.
Mono: successfully reloaded assembly
- Completed reload, in  0.731 seconds
Platform modules already initialized, skipping
Shader 'Universal Render Pipeline/Particles/Lit': fallback shader 'Universal Render Pipeline/Particles/SimpleLit' not found
Refreshing native plugins compatible for Editor in 0.51 ms, found 0 plugins.
Preloading 0 native plugins for Editor in 0.00 ms.
Unloading 2827 Unused Serialized files (Serialized files now loaded: 0)
System memory in use before: 129.9 MB.
System memory in use after: 130.1 MB.

Unloading 25 unused Assets to reduce memory usage. Loaded Objects now: 3638.
Total: 3.093300 ms (FindLiveObjects: 0.521800 ms CreateObjectMapping: 0.663600 ms MarkObjects: 1.886100 ms  DeleteObjects: 0.020900 ms)

========================================================================
Received Prepare
Registering precompiled user dll's ...
Registered in 0.001605 seconds.
Begin MonoManager ReloadAssembly
Native extension for WindowsStandalone target not found
Refreshing native plugins compatible for Editor in 0.51 ms, found 0 plugins.
Preloading 0 native plugins for Editor in 0.00 ms.
Invoked RoslynAnalysisRunner static constructor.
RoslynAnalysisRunner will not be running.
RoslynAnalysisRunner has terminated.
Mono: successfully reloaded assembly
- Completed reload, in  0.705 seconds
Platform modules already initialized, skipping
Shader 'Universal Render Pipeline/Particles/Lit': fallback shader 'Universal Render Pipeline/Particles/SimpleLit' not found
Refreshing native plugins compatible for Editor in 0.52 ms, found 0 plugins.
Preloading 0 native plugins for Editor in 0.00 ms.
Unloading 2827 Unused Serialized files (Serialized files now loaded: 0)
System memory in use before: 129.9 MB.
System memory in use after: 130.1 MB.

Unloading 25 unused Assets to reduce memory usage. Loaded Objects now: 3641.
Total: 2.547500 ms (FindLiveObjects: 0.286400 ms CreateObjectMapping: 0.206600 ms MarkObjects: 2.029200 ms  DeleteObjects: 0.024400 ms)

========================================================================
Received Prepare
Registering precompiled user dll's ...
Registered in 0.001961 seconds.
Begin MonoManager ReloadAssembly
Native extension for WindowsStandalone target not found
Refreshing native plugins compatible for Editor in 0.51 ms, found 0 plugins.
Preloading 0 native plugins for Editor in 0.00 ms.
Invoked RoslynAnalysisRunner static constructor.
RoslynAnalysisRunner will not be running.
RoslynAnalysisRunner has terminated.
Mono: successfully reloaded assembly
- Completed reload, in  0.702 seconds
Platform modules already initialized, skipping
Shader 'Universal Render Pipeline/Particles/Lit': fallback shader 'Universal Render Pipeline/Particles/SimpleLit' not found
Refreshing native plugins compatible for Editor in 0.51 ms, found 0 plugins.
Preloading 0 native plugins for Editor in 0.00 ms.
Unloading 2827 Unused Serialized files (Serialized files now loaded: 0)
System memory in use before: 129.9 MB.
System memory in use after: 130.1 MB.

Unloading 25 unused Assets to reduce memory usage. Loaded Objects now: 3644.
Total: 2.098400 ms (FindLiveObjects: 0.365800 ms CreateObjectMapping: 0.186900 ms MarkObjects: 1.529500 ms  DeleteObjects: 0.015500 ms)

========================================================================
Received Prepare
Registering precompiled user dll's ...
Registered in 0.001591 seconds.
Begin MonoManager ReloadAssembly
Native extension for WindowsStandalone target not found
Refreshing native plugins compatible for Editor in 0.51 ms, found 0 plugins.
Preloading 0 native plugins for Editor in 0.00 ms.
Invoked RoslynAnalysisRunner static constructor.
RoslynAnalysisRunner will not be running.
RoslynAnalysisRunner has terminated.
Mono: successfully reloaded assembly
- Completed reload, in  0.698 seconds
Platform modules already initialized, skipping
Shader 'Universal Render Pipeline/Particles/Lit': fallback shader 'Universal Render Pipeline/Particles/SimpleLit' not found
Refreshing native plugins compatible for Editor in 0.52 ms, found 0 plugins.
Preloading 0 native plugins for Editor in 0.00 ms.
Unloading 2827 Unused Serialized files (Serialized files now loaded: 0)
System memory in use before: 129.9 MB.
System memory in use after: 130.1 MB.

Unloading 25 unused Assets to reduce memory usage. Loaded Objects now: 3647.
Total: 2.271000 ms (FindLiveObjects: 0.333500 ms CreateObjectMapping: 0.218700 ms MarkObjects: 1.700500 ms  DeleteObjects: 0.017200 ms)

========================================================================
Received Prepare
Registering precompiled user dll's ...
Registered in 0.001881 seconds.
Begin MonoManager ReloadAssembly
Native extension for WindowsStandalone target not found
Refreshing native plugins compatible for Editor in 0.52 ms, found 0 plugins.
Preloading 0 native plugins for Editor in 0.00 ms.
Invoked RoslynAnalysisRunner static constructor.
RoslynAnalysisRunner will not be running.
RoslynAnalysisRunner has terminated.
Mono: successfully reloaded assembly
- Completed reload, in  0.725 seconds
Platform modules already initialized, skipping
Shader 'Universal Render Pipeline/Particles/Lit': fallback shader 'Universal Render Pipeline/Particles/SimpleLit' not found
Refreshing native plugins compatible for Editor in 0.53 ms, found 0 plugins.
Preloading 0 native plugins for Editor in 0.00 ms.
Unloading 2827 Unused Serialized files (Serialized files now loaded: 0)
System memory in use before: 129.9 MB.
System memory in use after: 130.1 MB.

Unloading 25 unused Assets to reduce memory usage. Loaded Objects now: 3650.
Total: 2.385800 ms (FindLiveObjects: 0.506800 ms CreateObjectMapping: 0.227800 ms MarkObjects: 1.634900 ms  DeleteObjects: 0.015400 ms)

========================================================================
Received Prepare
Registering precompiled user dll's ...
Registered in 0.001577 seconds.
Begin MonoManager ReloadAssembly
Native extension for WindowsStandalone target not found
Refreshing native plugins compatible for Editor in 0.51 ms, found 0 plugins.
Preloading 0 native plugins for Editor in 0.00 ms.
Invoked RoslynAnalysisRunner static constructor.
RoslynAnalysisRunner will not be running.
RoslynAnalysisRunner has terminated.
Mono: successfully reloaded assembly
- Completed reload, in  0.699 seconds
Platform modules already initialized, skipping
Shader 'Universal Render Pipeline/Particles/Lit': fallback shader 'Universal Render Pipeline/Particles/SimpleLit' not found
Refreshing native plugins compatible for Editor in 0.51 ms, found 0 plugins.
Preloading 0 native plugins for Editor in 0.00 ms.
Unloading 2827 Unused Serialized files (Serialized files now loaded: 0)
System memory in use before: 129.9 MB.
System memory in use after: 130.2 MB.

Unloading 25 unused Assets to reduce memory usage. Loaded Objects now: 3653.
Total: 3.625000 ms (FindLiveObjects: 0.909400 ms CreateObjectMapping: 0.263200 ms MarkObjects: 2.430100 ms  DeleteObjects: 0.019900 ms)

========================================================================
Received Prepare
Registering precompiled user dll's ...
Registered in 0.001584 seconds.
Begin MonoManager ReloadAssembly
Native extension for WindowsStandalone target not found
Refreshing native plugins compatible for Editor in 0.53 ms, found 0 plugins.
Preloading 0 native plugins for Editor in 0.00 ms.
Invoked RoslynAnalysisRunner static constructor.
RoslynAnalysisRunner will not be running.
RoslynAnalysisRunner has terminated.
Mono: successfully reloaded assembly
- Completed reload, in  0.709 seconds
Platform modules already initialized, skipping
Shader 'Universal Render Pipeline/Particles/Lit': fallback shader 'Universal Render Pipeline/Particles/SimpleLit' not found
Refreshing native plugins compatible for Editor in 0.51 ms, found 0 plugins.
Preloading 0 native plugins for Editor in 0.00 ms.
Unloading 2827 Unused Serialized files (Serialized files now loaded: 0)
System memory in use before: 129.9 MB.
System memory in use after: 130.2 MB.

Unloading 25 unused Assets to reduce memory usage. Loaded Objects now: 3656.
Total: 2.363700 ms (FindLiveObjects: 0.300800 ms CreateObjectMapping: 0.140000 ms MarkObjects: 1.905400 ms  DeleteObjects: 0.016900 ms)

========================================================================
Received Import Request.
  Time since last request: 1004.262838 seconds.
  path: Assets/Prefabs/Necesarry/_InstanceHolder.prefab
  artifactKey: Guid(3ce2b7ceb306fd34995ab893491fd37b) Importer(815301076,1909f56bfc062723c751e8b465ee728b)
Start importing Assets/Prefabs/Necesarry/_InstanceHolder.prefab using Guid(3ce2b7ceb306fd34995ab893491fd37b) Importer(815301076,1909f56bfc062723c751e8b465ee728b)  -> (artifact id: '607a2acc88cb2c8dbdf24700f6abe534') in 0.017861 seconds
  Import took 0.022001 seconds .

========================================================================
Received Prepare
Registering precompiled user dll's ...
Registered in 0.001579 seconds.
Begin MonoManager ReloadAssembly
Native extension for WindowsStandalone target not found
Refreshing native plugins compatible for Editor in 0.53 ms, found 0 plugins.
Preloading 0 native plugins for Editor in 0.00 ms.
Invoked RoslynAnalysisRunner static constructor.
RoslynAnalysisRunner will not be running.
RoslynAnalysisRunner has terminated.
Mono: successfully reloaded assembly
- Completed reload, in  0.733 seconds
Platform modules already initialized, skipping
Shader 'Universal Render Pipeline/Particles/Lit': fallback shader 'Universal Render Pipeline/Particles/SimpleLit' not found
Refreshing native plugins compatible for Editor in 0.51 ms, found 0 plugins.
Preloading 0 native plugins for Editor in 0.00 ms.
Unloading 2827 Unused Serialized files (Serialized files now loaded: 0)
System memory in use before: 129.9 MB.
System memory in use after: 130.2 MB.

Unloading 25 unused Assets to reduce memory usage. Loaded Objects now: 3659.
Total: 2.829000 ms (FindLiveObjects: 0.266200 ms CreateObjectMapping: 0.134200 ms MarkObjects: 2.408100 ms  DeleteObjects: 0.019900 ms)

========================================================================
Received Prepare
Registering precompiled user dll's ...
Registered in 0.001588 seconds.
Begin MonoManager ReloadAssembly
Native extension for WindowsStandalone target not found
Refreshing native plugins compatible for Editor in 0.53 ms, found 0 plugins.
Preloading 0 native plugins for Editor in 0.00 ms.
Invoked RoslynAnalysisRunner static constructor.
RoslynAnalysisRunner will not be running.
RoslynAnalysisRunner has terminated.
Mono: successfully reloaded assembly
- Completed reload, in  0.722 seconds
Platform modules already initialized, skipping
Shader 'Universal Render Pipeline/Particles/Lit': fallback shader 'Universal Render Pipeline/Particles/SimpleLit' not found
Refreshing native plugins compatible for Editor in 0.51 ms, found 0 plugins.
Preloading 0 native plugins for Editor in 0.00 ms.
Unloading 2827 Unused Serialized files (Serialized files now loaded: 0)
System memory in use before: 129.9 MB.
System memory in use after: 130.2 MB.

Unloading 25 unused Assets to reduce memory usage. Loaded Objects now: 3662.
Total: 2.784000 ms (FindLiveObjects: 0.717100 ms CreateObjectMapping: 0.302000 ms MarkObjects: 1.740000 ms  DeleteObjects: 0.023300 ms)

========================================================================
Received Prepare
Registering precompiled user dll's ...
Registered in 0.001582 seconds.
Begin MonoManager ReloadAssembly
Native extension for WindowsStandalone target not found
Refreshing native plugins compatible for Editor in 0.51 ms, found 0 plugins.
Preloading 0 native plugins for Editor in 0.00 ms.
Invoked RoslynAnalysisRunner static constructor.
RoslynAnalysisRunner will not be running.
RoslynAnalysisRunner has terminated.
Mono: successfully reloaded assembly
- Completed reload, in  0.728 seconds
Platform modules already initialized, skipping
Shader 'Universal Render Pipeline/Particles/Lit': fallback shader 'Universal Render Pipeline/Particles/SimpleLit' not found
Refreshing native plugins compatible for Editor in 0.53 ms, found 0 plugins.
Preloading 0 native plugins for Editor in 0.00 ms.
Unloading 2827 Unused Serialized files (Serialized files now loaded: 0)
System memory in use before: 129.9 MB.
System memory in use after: 130.2 MB.

Unloading 25 unused Assets to reduce memory usage. Loaded Objects now: 3665.
Total: 2.380600 ms (FindLiveObjects: 0.389500 ms CreateObjectMapping: 0.193800 ms MarkObjects: 1.772700 ms  DeleteObjects: 0.023600 ms)

========================================================================
Received Prepare
Registering precompiled user dll's ...
Registered in 0.001591 seconds.
Begin MonoManager ReloadAssembly
Native extension for WindowsStandalone target not found
Refreshing native plugins compatible for Editor in 0.51 ms, found 0 plugins.
Preloading 0 native plugins for Editor in 0.00 ms.
Invoked RoslynAnalysisRunner static constructor.
RoslynAnalysisRunner will not be running.
RoslynAnalysisRunner has terminated.
Mono: successfully reloaded assembly
- Completed reload, in  0.703 seconds
Platform modules already initialized, skipping
Shader 'Universal Render Pipeline/Particles/Lit': fallback shader 'Universal Render Pipeline/Particles/SimpleLit' not found
Refreshing native plugins compatible for Editor in 0.51 ms, found 0 plugins.
Preloading 0 native plugins for Editor in 0.00 ms.
Unloading 2827 Unused Serialized files (Serialized files now loaded: 0)
System memory in use before: 130.0 MB.
System memory in use after: 130.2 MB.

Unloading 25 unused Assets to reduce memory usage. Loaded Objects now: 3668.
Total: 2.317700 ms (FindLiveObjects: 0.290400 ms CreateObjectMapping: 0.139100 ms MarkObjects: 1.872400 ms  DeleteObjects: 0.015200 ms)

========================================================================
Received Prepare
Registering precompiled user dll's ...
Registered in 0.001524 seconds.
Begin MonoManager ReloadAssembly
